<?xml version="1.0" encoding="UTF-8"?>
<!-- Generated by org.testng.reporters.JUnitXMLReporter -->
<testsuite ignored="0" hostname="DESKTOP-TJ8UFF4" failures="0" tests="2" name="ErrorValidationTests" time="24.643" errors="0" timestamp="2025-05-03T17:44:37 IST">
  <testcase classname="Selenium.test.ErrorValidationTests" name="LoginErrorValidation" time="1.405"/>
  <testcase classname="Selenium.test.ErrorValidationTests" name="ProductErrorValidation" time="7.329"/>
</testsuite> <!-- ErrorValidationTests -->
