<?xml version="1.0" encoding="UTF-8"?>
<!-- Generated by org.testng.reporters.JUnitXMLReporter -->
<testsuite ignored="0" hostname="DESKTOP-TJ8UFF4" failures="0" tests="2" name="errorValidationTest" time="45.571" errors="0" timestamp="2025-05-14T00:51:47 IST">
  <testcase classname="Selenium.test.errorValidationTest" name="LoginErrorValidation" time="4.198"/>
  <testcase classname="Selenium.test.errorValidationTest" name="ProductErrorValidation" time="7.88"/>
</testsuite> <!-- errorValidationTest -->
