<?xml version="1.0" encoding="UTF-8"?>
<!-- Generated by org.testng.reporters.JUnitXMLReporter -->
<testsuite ignored="0" hostname="DESKTOP-TJ8UFF4" failures="0" tests="4" name="submitOrderTest" time="48.418" errors="0" timestamp="2025-05-14T00:52:36 IST">
  <testcase classname="Selenium.test.submitOrderTest" name="SubmitOrder" time="7.464"/>
  <testcase classname="Selenium.test.submitOrderTest" name="SubmitOrder" time="10.433"/>
  <testcase classname="Selenium.test.submitOrderTest" name="varifyOrderDisplay" time="3.38"/>
  <testcase classname="Selenium.test.submitOrderTest" name="varifyOrderDisplay" time="3.54"/>
</testsuite> <!-- submitOrderTest -->
