<?xml version="1.0" encoding="UTF-8"?>
<testng-results ignored="0" total="2" passed="2" failed="0" skipped="0">
  <reporter-output>
  </reporter-output>
  <suite started-at="2025-05-15T01:09:03 IST" name="TestSuite" finished-at="2025-05-15T01:09:35 IST" duration-ms="31914">
    <groups>
      <group name="LoginError">
        <method signature="ErrorValidationTests.LoginErrorValidation()[pri:0, instance:Selenium.test.ErrorValidationTests@7ac296f6]" name="LoginErrorValidation" class="Selenium.test.ErrorValidationTests"/>
      </group> <!-- LoginError -->
      <group name="OrderPlace">
        <method signature="ErrorValidationTests.ProductErrorValidation()[pri:0, instance:Selenium.test.ErrorValidationTests@7ac296f6]" name="ProductErrorValidation" class="Selenium.test.ErrorValidationTests"/>
      </group> <!-- OrderPlace -->
    </groups>
    <test started-at="2025-05-15T01:09:03 IST" name="ErrorValidationTests" finished-at="2025-05-15T01:09:35 IST" duration-ms="31914">
      <class name="Selenium.test.ErrorValidationTests">
        <test-method is-config="true" signature="launchApplication()[pri:0, instance:Selenium.test.ErrorValidationTests@7ac296f6]" started-at="2025-05-15T01:09:03 IST" name="launchApplication" finished-at="2025-05-15T01:09:18 IST" duration-ms="14994" status="PASS">
          <reporter-output>
          </reporter-output>
        </test-method> <!-- launchApplication -->
        <test-method signature="LoginErrorValidation()[pri:0, instance:Selenium.test.ErrorValidationTests@7ac296f6]" started-at="2025-05-15T01:09:18 IST" name="LoginErrorValidation" finished-at="2025-05-15T01:09:20 IST" duration-ms="1447" status="PASS">
          <reporter-output>
          </reporter-output>
        </test-method> <!-- LoginErrorValidation -->
        <test-method is-config="true" signature="tearDown()[pri:0, instance:Selenium.test.ErrorValidationTests@7ac296f6]" started-at="2025-05-15T01:09:21 IST" name="tearDown" finished-at="2025-05-15T01:09:21 IST" duration-ms="544" status="PASS">
          <reporter-output>
          </reporter-output>
        </test-method> <!-- tearDown -->
        <test-method is-config="true" signature="launchApplication()[pri:0, instance:Selenium.test.ErrorValidationTests@7ac296f6]" started-at="2025-05-15T01:09:21 IST" name="launchApplication" finished-at="2025-05-15T01:09:26 IST" duration-ms="4762" status="PASS">
          <reporter-output>
          </reporter-output>
        </test-method> <!-- launchApplication -->
        <test-method signature="ProductErrorValidation()[pri:0, instance:Selenium.test.ErrorValidationTests@7ac296f6]" started-at="2025-05-15T01:09:26 IST" name="ProductErrorValidation" finished-at="2025-05-15T01:09:33 IST" duration-ms="6983" status="PASS">
          <reporter-output>
          </reporter-output>
        </test-method> <!-- ProductErrorValidation -->
        <test-method is-config="true" signature="tearDown()[pri:0, instance:Selenium.test.ErrorValidationTests@7ac296f6]" started-at="2025-05-15T01:09:34 IST" name="tearDown" finished-at="2025-05-15T01:09:35 IST" duration-ms="1356" status="PASS">
          <reporter-output>
          </reporter-output>
        </test-method> <!-- tearDown -->
      </class> <!-- Selenium.test.ErrorValidationTests -->
    </test> <!-- ErrorValidationTests -->
  </suite> <!-- TestSuite -->
</testng-results>
