<?xml version="1.0" encoding="UTF-8"?>
<!-- Generated by org.testng.reporters.JUnitXMLReporter -->
<testsuite ignored="0" hostname="DESKTOP-TJ8UFF4" failures="0" tests="2" name="ErrorValidationTests" time="31.914" errors="0" timestamp="2025-05-15T01:09:36 IST">
  <testcase classname="Selenium.test.ErrorValidationTests" name="LoginErrorValidation" time="1.447"/>
  <testcase classname="Selenium.test.ErrorValidationTests" name="ProductErrorValidation" time="6.983"/>
</testsuite> <!-- ErrorValidationTests -->
